[0.000000] (-) TimerEvent: {}
[0.000000] (my_package) JobQueued: {'identifier': 'my_package', 'dependencies': OrderedDict()}
[0.000000] (my_package) JobStarted: {'identifier': 'my_package'}
[0.109000] (-) TimerEvent: {}
[0.219000] (-) TimerEvent: {}
[0.328000] (-) TimerEvent: {}
[0.438000] (-) TimerEvent: {}
[0.547000] (-) TimerEvent: {}
[0.656000] (-) TimerEvent: {}
[0.781000] (-) TimerEvent: {}
[0.891000] (-) TimerEvent: {}
[1.000000] (-) TimerEvent: {}
[1.109000] (-) TimerEvent: {}
[1.219000] (-) TimerEvent: {}
[1.328000] (-) TimerEvent: {}
[1.438000] (-) TimerEvent: {}
[1.547000] (-) TimerEvent: {}
[1.656000] (-) TimerEvent: {}
[1.781000] (-) TimerEvent: {}
[1.781000] (my_package) Command: {'cmd': ['c:\\python37\\python.exe', 'setup.py', 'egg_info', '--egg-base', '..\\..\\build\\my_package', 'build', '--build-base', 'D:\\_Seo\\MORAISIM_Training\\MORASIM_Training\\8_SSAFY\\Mini\\catkin_ws\\build\\my_package\\build', 'install', '--prefix', 'D:\\_Seo\\MORAISIM_Training\\MORASIM_Training\\8_SSAFY\\Mini\\catkin_ws\\install\\my_package', '--record', 'D:\\_Seo\\MORAISIM_Training\\MORASIM_Training\\8_SSAFY\\Mini\\catkin_ws\\build\\my_package\\install.log', '--single-version-externally-managed'], 'cwd': 'D:\\_Seo\\MORAISIM_Training\\MORASIM_Training\\8_SSAFY\\Mini\\catkin_ws\\src\\my_package', 'env': {'ALLUSERSPROFILE': 'C:\\ProgramData', 'AMENT_PREFIX_PATH': 'C:\\dev\\ros2_eloquent', 'APPDATA': 'C:\\Users\\user\\AppData\\Roaming', 'architectureName': 'x64Win64VS2017', 'ChocolateyInstall': 'C:\\ProgramData\\chocolatey', 'ChocolateyLastPathUpdate': '132894432561411876', 'CMAKE_PREFIX_PATH': 'C:\\dev\\ros2_eloquent', 'COLCON': '1', 'COLCON_PREFIX_PATH': 'C:\\dev\\ros2_eloquent\\', 'CommandPromptType': 'Native', 'CommonProgramFiles': 'C:\\Program Files\\Common Files', 'CommonProgramFiles(x86)': 'C:\\Program Files (x86)\\Common Files', 'CommonProgramW6432': 'C:\\Program Files\\Common Files', 'COMPUTERNAME': 'DESKTOP-0DBH1DE', 'ComSpec': 'C:\\Windows\\system32\\cmd.exe', 'DevEnvDir': 'C:\\Program Files (x86)\\Microsoft Visual Studio\\2019\\Community\\Common7\\IDE\\', 'DriverData': 'C:\\Windows\\System32\\Drivers\\DriverData', 'ExtensionSdkDir': 'C:\\Program Files (x86)\\Microsoft SDKs\\Windows Kits\\10\\ExtensionSDKs', 'Framework40Version': 'v4.0', 'FrameworkDir': 'C:\\Windows\\Microsoft.NET\\Framework64\\', 'FrameworkDir64': 'C:\\Windows\\Microsoft.NET\\Framework64\\', 'FrameworkVersion': 'v4.0.30319', 'FrameworkVersion64': 'v4.0.30319', 'HOMEDRIVE': 'C:', 'HOMEPATH': '\\Users\\user', 'hostVersion': '5.3.1', 'INCLUDE': 'C:\\Program Files (x86)\\Microsoft Visual Studio\\2019\\Community\\VC\\Tools\\MSVC\\14.29.30133\\ATLMFC\\include;C:\\Program Files (x86)\\Microsoft Visual Studio\\2019\\Community\\VC\\Tools\\MSVC\\14.29.30133\\include;C:\\Program Files (x86)\\Windows Kits\\NETFXSDK\\4.8\\include\\um;C:\\Program Files (x86)\\Windows Kits\\10\\include\\10.0.19041.0\\ucrt;C:\\Program Files (x86)\\Windows Kits\\10\\include\\10.0.19041.0\\shared;C:\\Program Files (x86)\\Windows Kits\\10\\include\\10.0.19041.0\\um;C:\\Program Files (x86)\\Windows Kits\\10\\include\\10.0.19041.0\\winrt;C:\\Program Files (x86)\\Windows Kits\\10\\include\\10.0.19041.0\\cppwinrt', 'installDir': 'C:\\Program Files\\rti_connext_dds-5.3.1\\resource\\scripts\\..\\..', 'LIB': 'C:\\Program Files (x86)\\Microsoft Visual Studio\\2019\\Community\\VC\\Tools\\MSVC\\14.29.30133\\ATLMFC\\lib\\x64;C:\\Program Files (x86)\\Microsoft Visual Studio\\2019\\Community\\VC\\Tools\\MSVC\\14.29.30133\\lib\\x64;C:\\Program Files (x86)\\Windows Kits\\NETFXSDK\\4.8\\lib\\um\\x64;C:\\Program Files (x86)\\Windows Kits\\10\\lib\\10.0.19041.0\\ucrt\\x64;C:\\Program Files (x86)\\Windows Kits\\10\\lib\\10.0.19041.0\\um\\x64', 'LIBPATH': 'C:\\Program Files (x86)\\Microsoft Visual Studio\\2019\\Community\\VC\\Tools\\MSVC\\14.29.30133\\ATLMFC\\lib\\x64;C:\\Program Files (x86)\\Microsoft Visual Studio\\2019\\Community\\VC\\Tools\\MSVC\\14.29.30133\\lib\\x64;C:\\Program Files (x86)\\Microsoft Visual Studio\\2019\\Community\\VC\\Tools\\MSVC\\14.29.30133\\lib\\x86\\store\\references;C:\\Program Files (x86)\\Windows Kits\\10\\UnionMetadata\\10.0.19041.0;C:\\Program Files (x86)\\Windows Kits\\10\\References\\10.0.19041.0;C:\\Windows\\Microsoft.NET\\Framework64\\v4.0.30319', 'LOCALAPPDATA': 'C:\\Users\\user\\AppData\\Local', 'LOGONSERVER': '\\\\DESKTOP-0DBH1DE', 'NDDSHOME': 'C:\\Program Files\\rti_connext_dds-5.3.1', 'NETFXSDKDir': 'C:\\Program Files (x86)\\Windows Kits\\NETFXSDK\\4.8\\', 'NUMBER_OF_PROCESSORS': '12', 'OneDrive': 'C:\\Users\\user\\OneDrive', 'OneDriveConsumer': 'C:\\Users\\user\\OneDrive', 'OpenCV_DIR': 'C:\\opencv', 'OPENSSL_CONF': 'C:\\OpenSSL-Win64\\bin\\openssl.cfg', 'OS': 'Windows_NT', 'OSPL_ERRORFILE': '<stderr>', 'OSPL_HOME': 'C:\\dev\\opensplice\\HDE\\x86_64.win64\\', 'OSPL_INFOFILE': '<stdout>', 'OSPL_TMPL_PATH': 'C:\\dev\\opensplice\\HDE\\x86_64.win64\\\\etc\\idlpp', 'OSPL_URI': 'file:///share/opensplice_cmake_module/config/ros_ospl.xml', 'OSPL_VERBOSITY': '2', 'Path': 'c:\\python37\\lib\\site-packages\\pywin32_system32;C:\\dev\\ros2_eloquent\\opt\\yaml_cpp_vendor\\bin;C:\\dev\\ros2_eloquent\\opt\\rviz_ogre_vendor\\bin;C:\\dev\\ros2_eloquent\\opt\\rviz_assimp_vendor\\bin;C:\\dev\\opensplice\\HDE\\x86_64.win64\\\\bin;C:\\dev\\opensplice\\HDE\\x86_64.win64\\\\lib;C:\\dev\\opensplice\\HDE\\x86_64.win64\\\\examples\\lib;C:\\dev\\ros2_eloquent\\opt\\libcurl_vendor\\bin;C:\\Program Files\\rti_connext_dds-5.3.1\\bin;C:\\Program Files\\rti_connext_dds-5.3.1\\lib\\x64Win64VS2017;C:\\dev\\ros2_eloquent\\Scripts;C:\\dev\\ros2_eloquent\\bin;C:\\Program Files (x86)\\Microsoft Visual Studio\\2019\\Community\\Common7\\IDE\\\\Extensions\\Microsoft\\IntelliCode\\CLI;C:\\Program Files (x86)\\Microsoft Visual Studio\\2019\\Community\\VC\\Tools\\MSVC\\14.29.30133\\bin\\HostX64\\x64;C:\\Program Files (x86)\\Microsoft Visual Studio\\2019\\Community\\Common7\\IDE\\VC\\VCPackages;C:\\Program Files (x86)\\Microsoft Visual Studio\\2019\\Community\\Common7\\IDE\\CommonExtensions\\Microsoft\\TestWindow;C:\\Program Files (x86)\\Microsoft Visual Studio\\2019\\Community\\Common7\\IDE\\CommonExtensions\\Microsoft\\TeamFoundation\\Team Explorer;C:\\Program Files (x86)\\Microsoft Visual Studio\\2019\\Community\\MSBuild\\Current\\bin\\Roslyn;C:\\Program Files (x86)\\Microsoft Visual Studio\\2019\\Community\\Team Tools\\Performance Tools\\x64;C:\\Program Files (x86)\\Microsoft Visual Studio\\2019\\Community\\Team Tools\\Performance Tools;C:\\Program Files (x86)\\Microsoft Visual Studio\\Shared\\Common\\VSPerfCollectionTools\\vs2019\\\\x64;C:\\Program Files (x86)\\Microsoft Visual Studio\\Shared\\Common\\VSPerfCollectionTools\\vs2019\\;C:\\Program Files (x86)\\Microsoft SDKs\\Windows\\v10.0A\\bin\\NETFX 4.8 Tools\\x64\\;C:\\Program Files (x86)\\Microsoft Visual Studio\\2019\\Community\\Common7\\Tools\\devinit;C:\\Program Files (x86)\\Windows Kits\\10\\bin\\10.0.19041.0\\x64;C:\\Program Files (x86)\\Windows Kits\\10\\bin\\x64;C:\\Program Files (x86)\\Microsoft Visual Studio\\2019\\Community\\\\MSBuild\\Current\\Bin;C:\\Windows\\Microsoft.NET\\Framework64\\v4.0.30319;C:\\Program Files (x86)\\Microsoft Visual Studio\\2019\\Community\\Common7\\IDE\\;C:\\Program Files (x86)\\Microsoft Visual Studio\\2019\\Community\\Common7\\Tools\\;C:\\Program Files (x86)\\Common Files\\Oracle\\Java\\javapath;C:\\Python37\\Scripts\\;C:\\Python37\\;C:\\Windows\\system32;C:\\Windows;C:\\Windows\\System32\\Wbem;C:\\Windows\\System32\\WindowsPowerShell\\v1.0\\;C:\\Windows\\System32\\OpenSSH\\;C:\\Program Files (x86)\\NVIDIA Corporation\\PhysX\\Common;C:\\Program Files\\Git\\cmd;C:\\Program Files\\PowerShell\\7\\;C:\\ProgramData\\chocolatey\\bin;C:\\ProgramData\\chocolatey\\lib\\cunit\\lib;C:\\ProgramData\\chocolatey\\lib\\tinyxml2\\lib;C:\\ProgramData\\chocolatey\\lib\\log4cxx\\lib;C:\\ProgramData\\chocolatey\\lib\\bullet\\lib;C:\\Users\\user\\AppData\\Local\\Microsoft\\WindowsApps;C:\\Users\\user\\AppData\\Local\\Programs\\Microsoft VS Code\\bin;C:\\OpenSSL-Win64\\bin;C:\\Program Files\\CMake\\bin;C:\\Users\\user\\.dotnet\\tools;C:\\Program Files (x86)\\Microsoft Visual Studio\\2019\\Community\\Common7\\IDE\\CommonExtensions\\Microsoft\\CMake\\CMake\\bin;C:\\Program Files (x86)\\Microsoft Visual Studio\\2019\\Community\\Common7\\IDE\\CommonExtensions\\Microsoft\\CMake\\Ninja', 'PATHEXT': '.COM;.EXE;.BAT;.CMD;.VBS;.VBE;.JS;.JSE;.WSF;.WSH;.MSC;.PY;.PYW', 'PKG_CONFIG_PATH': 'C:\\dev\\ros2_eloquent\\lib\\pkgconfig', 'Platform': 'x64', 'POWERSHELL_DISTRIBUTION_CHANNEL': 'MSI:Windows 10 Pro', 'PROCESSOR_ARCHITECTURE': 'AMD64', 'PROCESSOR_IDENTIFIER': 'Intel64 Family 6 Model 167 Stepping 1, GenuineIntel', 'PROCESSOR_LEVEL': '6', 'PROCESSOR_REVISION': 'a701', 'ProgramData': 'C:\\ProgramData', 'ProgramFiles': 'C:\\Program Files', 'ProgramFiles(x86)': 'C:\\Program Files (x86)', 'ProgramW6432': 'C:\\Program Files', 'PROMPT': '$P$G', 'PSModulePath': 'C:\\Program Files\\WindowsPowerShell\\Modules;C:\\Windows\\system32\\WindowsPowerShell\\v1.0\\Modules', 'PUBLIC': 'C:\\Users\\Public', 'PYTHONPATH': 'D:\\_Seo\\MORAISIM_Training\\MORASIM_Training\\8_SSAFY\\Mini\\catkin_ws\\install\\my_package\\Lib\\site-packages;C:\\dev\\ros2_eloquent\\Lib\\site-packages', 'ROS_DISTRO': 'eloquent', 'ROS_DOMAIN_ID': '3', 'ROS_LOCALHOST_ONLY': '0', 'ROS_PYTHON_VERSION': '3', 'ROS_VERSION': '2', 'scriptDir': 'C:\\Program Files\\rti_connext_dds-5.3.1\\resource\\scripts\\', 'scriptName': 'rtisetenv_x64Win64VS2017', 'SPLICE_ORB': 'DDS_OpenFusion_1_6_1', 'SystemDrive': 'C:', 'SystemRoot': 'C:\\Windows', 'TEMP': 'C:\\Users\\user\\AppData\\Local\\Temp', 'TMP': 'C:\\Users\\user\\AppData\\Local\\Temp', 'UCRTVersion': '10.0.19041.0', 'UniversalCRTSdkDir': 'C:\\Program Files (x86)\\Windows Kits\\10\\', 'USERDOMAIN': 'DESKTOP-0DBH1DE', 'USERDOMAIN_ROAMINGPROFILE': 'DESKTOP-0DBH1DE', 'USERNAME': 'user', 'USERPROFILE': 'C:\\Users\\user', 'VBOX_MSI_INSTALL_PATH': 'C:\\Program Files\\Oracle\\VirtualBox\\', 'VCIDEInstallDir': 'C:\\Program Files (x86)\\Microsoft Visual Studio\\2019\\Community\\Common7\\IDE\\VC\\', 'VCINSTALLDIR': 'C:\\Program Files (x86)\\Microsoft Visual Studio\\2019\\Community\\VC\\', 'VCToolsInstallDir': 'C:\\Program Files (x86)\\Microsoft Visual Studio\\2019\\Community\\VC\\Tools\\MSVC\\14.29.30133\\', 'VCToolsRedistDir': 'C:\\Program Files (x86)\\Microsoft Visual Studio\\2019\\Community\\VC\\Redist\\MSVC\\14.29.30133\\', 'VCToolsVersion': '14.29.30133', 'VisualStudioVersion': '16.0', 'VS160COMNTOOLS': 'C:\\Program Files (x86)\\Microsoft Visual Studio\\2019\\Community\\Common7\\Tools\\', 'VSCMD_ARG_app_plat': 'Desktop', 'VSCMD_ARG_HOST_ARCH': 'x64', 'VSCMD_ARG_TGT_ARCH': 'x64', 'VSCMD_VER': '16.11.10', 'VSINSTALLDIR': 'C:\\Program Files (x86)\\Microsoft Visual Studio\\2019\\Community\\', 'windir': 'C:\\Windows', 'WindowsLibPath': 'C:\\Program Files (x86)\\Windows Kits\\10\\UnionMetadata\\10.0.19041.0;C:\\Program Files (x86)\\Windows Kits\\10\\References\\10.0.19041.0', 'WindowsSdkBinPath': 'C:\\Program Files (x86)\\Windows Kits\\10\\bin\\', 'WindowsSdkDir': 'C:\\Program Files (x86)\\Windows Kits\\10\\', 'WindowsSDKLibVersion': '10.0.19041.0\\', 'WindowsSdkVerBinPath': 'C:\\Program Files (x86)\\Windows Kits\\10\\bin\\10.0.19041.0\\', 'WindowsSDKVersion': '10.0.19041.0\\', 'WindowsSDK_ExecutablePath_x64': 'C:\\Program Files (x86)\\Microsoft SDKs\\Windows\\v10.0A\\bin\\NETFX 4.8 Tools\\x64\\', 'WindowsSDK_ExecutablePath_x86': 'C:\\Program Files (x86)\\Microsoft SDKs\\Windows\\v10.0A\\bin\\NETFX 4.8 Tools\\', '__devinit_path': 'C:\\Program Files (x86)\\Microsoft Visual Studio\\2019\\Community\\Common7\\Tools\\devinit\\devinit.exe', '__DOTNET_ADD_64BIT': '1', '__DOTNET_PREFERRED_BITNESS': '64', '__VSCMD_PREINIT_PATH': 'C:\\Program Files (x86)\\Common Files\\Oracle\\Java\\javapath;C:\\Python37\\Scripts\\;C:\\Python37\\;C:\\Windows\\system32;C:\\Windows;C:\\Windows\\System32\\Wbem;C:\\Windows\\System32\\WindowsPowerShell\\v1.0\\;C:\\Windows\\System32\\OpenSSH\\;C:\\Program Files (x86)\\NVIDIA Corporation\\PhysX\\Common;C:\\Program Files\\Git\\cmd;C:\\Program Files\\PowerShell\\7\\;C:\\ProgramData\\chocolatey\\bin;C:\\ProgramData\\chocolatey\\lib\\cunit\\lib;C:\\ProgramData\\chocolatey\\lib\\tinyxml2\\lib;C:\\ProgramData\\chocolatey\\lib\\log4cxx\\lib;C:\\ProgramData\\chocolatey\\lib\\bullet\\lib;C:\\Users\\user\\AppData\\Local\\Microsoft\\WindowsApps;C:\\Users\\user\\AppData\\Local\\Programs\\Microsoft VS Code\\bin;C:\\OpenSSL-Win64\\bin;C:\\Program Files\\CMake\\bin;C:\\Users\\user\\.dotnet\\tools', '__VSCMD_script_err_count': '0'}, 'shell': False}
[1.906000] (-) TimerEvent: {}
[2.016000] (-) TimerEvent: {}
[2.125000] (-) TimerEvent: {}
[2.234000] (-) TimerEvent: {}
[2.344000] (-) TimerEvent: {}
[2.453000] (-) TimerEvent: {}
[2.469000] (my_package) StdoutLine: {'line': b'running egg_info\r\n'}
[2.516000] (my_package) StdoutLine: {'line': b'writing ..\\..\\build\\my_package\\my_package.egg-info\\PKG-INFO\r\n'}
[2.531000] (my_package) StdoutLine: {'line': b'writing dependency_links to ..\\..\\build\\my_package\\my_package.egg-info\\dependency_links.txt\r\n'}
[2.563000] (-) TimerEvent: {}
[2.594000] (my_package) StdoutLine: {'line': b'writing entry points to ..\\..\\build\\my_package\\my_package.egg-info\\entry_points.txt\r\n'}
[2.641000] (my_package) StdoutLine: {'line': b'writing requirements to ..\\..\\build\\my_package\\my_package.egg-info\\requires.txt\r\n'}
[2.656000] (my_package) StdoutLine: {'line': b'writing top-level names to ..\\..\\build\\my_package\\my_package.egg-info\\top_level.txt\r\n'}
[2.688000] (-) TimerEvent: {}
[2.719000] (my_package) StdoutLine: {'line': b"reading manifest file '..\\..\\build\\my_package\\my_package.egg-info\\SOURCES.txt'\r\n"}
[2.719000] (my_package) StdoutLine: {'line': b'running build\r\n'}
[2.719000] (my_package) StdoutLine: {'line': b'running build_py\r\n'}
[2.719000] (my_package) StdoutLine: {'line': b'running install\r\n'}
[2.734000] (my_package) StdoutLine: {'line': b'running install_lib\r\n'}
[2.766000] (my_package) StdoutLine: {'line': b'copying D:\\_Seo\\MORAISIM_Training\\MORASIM_Training\\8_SSAFY\\Mini\\catkin_ws\\build\\my_package\\build\\lib\\my_package\\my_node.py -> D:\\_Seo\\MORAISIM_Training\\MORASIM_Training\\8_SSAFY\\Mini\\catkin_ws\\install\\my_package\\Lib\\site-packages\\my_package\r\n'}
[2.766000] (my_package) StdoutLine: {'line': b'copying D:\\_Seo\\MORAISIM_Training\\MORASIM_Training\\8_SSAFY\\Mini\\catkin_ws\\build\\my_package\\build\\lib\\my_package\\__init__.py -> D:\\_Seo\\MORAISIM_Training\\MORASIM_Training\\8_SSAFY\\Mini\\catkin_ws\\install\\my_package\\Lib\\site-packages\\my_package\r\n'}
[2.781000] (my_package) StdoutLine: {'line': b'running install_data\r\n'}
[2.797000] (-) TimerEvent: {}
[2.797000] (my_package) StdoutLine: {'line': b'running install_egg_info\r\n'}
[2.859000] (my_package) StdoutLine: {'line': b'running install_scripts\r\n'}
[2.906000] (-) TimerEvent: {}
[2.969000] (my_package) StdoutLine: {'line': b'Installing my_node-script.py script to D:\\_Seo\\MORAISIM_Training\\MORASIM_Training\\8_SSAFY\\Mini\\catkin_ws\\install\\my_package\\lib\\my_package\r\n'}
[2.969000] (my_package) StdoutLine: {'line': b'Installing my_node.exe script to D:\\_Seo\\MORAISIM_Training\\MORASIM_Training\\8_SSAFY\\Mini\\catkin_ws\\install\\my_package\\lib\\my_package\r\n'}
[2.969000] (my_package) StderrLine: {'line': b"c:\\python37\\lib\\site-packages\\setuptools\\dist.py:741: UserWarning: Usage of dash-separated 'script-dir' will not be supported in future versions. Please use the underscore name 'script_dir' instead\r\n"}
[2.969000] (my_package) StderrLine: {'line': b'  % (opt, underscore_opt)\r\n'}
[2.969000] (my_package) StderrLine: {'line': b"c:\\python37\\lib\\site-packages\\setuptools\\dist.py:741: UserWarning: Usage of dash-separated 'install-scripts' will not be supported in future versions. Please use the underscore name 'install_scripts' instead\r\n"}
[2.969000] (my_package) StderrLine: {'line': b'  % (opt, underscore_opt)\r\n'}
[2.969000] (my_package) StderrLine: {'line': b'c:\\python37\\lib\\site-packages\\setuptools\\command\\install.py:37: SetuptoolsDeprecationWarning: setup.py install is deprecated. Use build and pip and other standards-based tools.\r\n'}
[2.969000] (my_package) StderrLine: {'line': b'  setuptools.SetuptoolsDeprecationWarning,\r\n'}
[3.000000] (my_package) CommandEnded: {'returncode': 0}
[3.016000] (-) TimerEvent: {}
[3.047000] (my_package) JobEnded: {'identifier': 'my_package', 'rc': 0}
[3.047000] (-) EventReactorShutdown: {}
