[1.013s] [34mcolcon[0m [1;30mDEBUG[0m [32mCommand line arguments: ['C:\\Python37\\Scripts\\colcon', 'build'][0m
[1.013s] [34mcolcon[0m [1;30mDEBUG[0m [32mParsed command line arguments: Namespace(allow_overriding=[], ament_cmake_args=None, base_paths=['.'], build_base='build', catkin_cmake_args=None, catkin_skip_building_tests=False, cmake_args=None, cmake_clean_cache=False, cmake_clean_first=False, cmake_force_configure=False, cmake_target=None, cmake_target_skip_unavailable=False, continue_on_error=False, event_handlers=None, executor='parallel', ignore_user_meta=False, install_base='install', log_base=None, log_level=None, main=<bound method BuildVerb.main of <colcon_core.verb.build.BuildVerb object at 0x00000178471A11C8>>, merge_install=False, metas=['./colcon.meta'], packages_above=None, packages_above_and_dependencies=None, packages_above_depth=None, packages_end=None, packages_ignore=None, packages_ignore_regex=None, packages_select=None, packages_select_build_failed=False, packages_select_by_dep=None, packages_select_regex=None, packages_select_test_failures=False, packages_skip=None, packages_skip_build_finished=False, packages_skip_by_dep=None, packages_skip_regex=None, packages_skip_test_passed=False, packages_skip_up_to=None, packages_start=None, packages_up_to=None, packages_up_to_regex=None, parallel_workers=12, paths=None, symlink_install=False, test_result_base=None, verb_extension=<colcon_core.verb.build.BuildVerb object at 0x00000178471A11C8>, verb_name='build', verb_parser=<colcon_defaults.argument_parser.defaults.DefaultArgumentsDecorator object at 0x0000017847227948>)[0m
[1.046s] [34mcolcon.colcon_core.package_discovery[0m [1;30mLevel 1[0m discover_packages(colcon_meta) check parameters
[1.046s] [34mcolcon.colcon_core.package_discovery[0m [1;30mLevel 1[0m discover_packages(recursive) check parameters
[1.046s] [34mcolcon.colcon_core.package_discovery[0m [1;30mLevel 1[0m discover_packages(ignore) check parameters
[1.046s] [34mcolcon.colcon_core.package_discovery[0m [1;30mLevel 1[0m discover_packages(path) check parameters
[1.046s] [34mcolcon.colcon_core.package_discovery[0m [1;30mLevel 1[0m discover_packages(colcon_meta) discover
[1.046s] [34mcolcon.colcon_core.package_discovery[0m [1;30mLevel 1[0m discover_packages(recursive) discover
[1.046s] [34mcolcon.colcon_core.package_discovery[0m [1;30mINFO[0m Crawling recursively for packages in 'D:\_Seo\MORAISIM_Training\MORASIM_Training\8_SSAFY\Mini\catkin_ws'
[1.047s] [34mcolcon.colcon_core.package_identification[0m [1;30mLevel 1[0m _identify(.) by extensions ['ignore', 'ignore_ament_install']
[1.047s] [34mcolcon.colcon_core.package_identification[0m [1;30mLevel 1[0m _identify(.) by extension 'ignore'
[1.047s] [34mcolcon.colcon_core.package_identification[0m [1;30mLevel 1[0m _identify(.) by extension 'ignore_ament_install'
[1.047s] [34mcolcon.colcon_core.package_identification[0m [1;30mLevel 1[0m _identify(.) by extensions ['colcon_pkg']
[1.047s] [34mcolcon.colcon_core.package_identification[0m [1;30mLevel 1[0m _identify(.) by extension 'colcon_pkg'
[1.047s] [34mcolcon.colcon_core.package_identification[0m [1;30mLevel 1[0m _identify(.) by extensions ['colcon_meta']
[1.047s] [34mcolcon.colcon_core.package_identification[0m [1;30mLevel 1[0m _identify(.) by extension 'colcon_meta'
[1.047s] [34mcolcon.colcon_core.package_identification[0m [1;30mLevel 1[0m _identify(.) by extensions ['ros']
[1.047s] [34mcolcon.colcon_core.package_identification[0m [1;30mLevel 1[0m _identify(.) by extension 'ros'
[1.124s] [34mcolcon.colcon_core.package_identification[0m [1;30mLevel 1[0m _identify(.) by extensions ['cmake', 'python']
[1.124s] [34mcolcon.colcon_core.package_identification[0m [1;30mLevel 1[0m _identify(.) by extension 'cmake'
[1.124s] [34mcolcon.colcon_core.package_identification[0m [1;30mLevel 1[0m _identify(.) by extension 'python'
[1.124s] [34mcolcon.colcon_core.package_identification[0m [1;30mLevel 1[0m _identify(.) by extensions ['python_setup_py']
[1.124s] [34mcolcon.colcon_core.package_identification[0m [1;30mLevel 1[0m _identify(.) by extension 'python_setup_py'
[1.124s] [34mcolcon.colcon_core.package_identification[0m [1;30mLevel 1[0m _identify(build) by extensions ['ignore', 'ignore_ament_install']
[1.124s] [34mcolcon.colcon_core.package_identification[0m [1;30mLevel 1[0m _identify(build) by extension 'ignore'
[1.124s] [34mcolcon.colcon_core.package_identification[0m [1;30mLevel 1[0m _identify(build) ignored
[1.124s] [34mcolcon.colcon_core.package_identification[0m [1;30mLevel 1[0m _identify(install) by extensions ['ignore', 'ignore_ament_install']
[1.125s] [34mcolcon.colcon_core.package_identification[0m [1;30mLevel 1[0m _identify(install) by extension 'ignore'
[1.125s] [34mcolcon.colcon_core.package_identification[0m [1;30mLevel 1[0m _identify(install) ignored
[1.125s] [34mcolcon.colcon_core.package_identification[0m [1;30mLevel 1[0m _identify(log) by extensions ['ignore', 'ignore_ament_install']
[1.125s] [34mcolcon.colcon_core.package_identification[0m [1;30mLevel 1[0m _identify(log) by extension 'ignore'
[1.125s] [34mcolcon.colcon_core.package_identification[0m [1;30mLevel 1[0m _identify(log) ignored
[1.125s] [34mcolcon.colcon_core.package_identification[0m [1;30mLevel 1[0m _identify(src) by extensions ['ignore', 'ignore_ament_install']
[1.125s] [34mcolcon.colcon_core.package_identification[0m [1;30mLevel 1[0m _identify(src) by extension 'ignore'
[1.125s] [34mcolcon.colcon_core.package_identification[0m [1;30mLevel 1[0m _identify(src) by extension 'ignore_ament_install'
[1.126s] [34mcolcon.colcon_core.package_identification[0m [1;30mLevel 1[0m _identify(src) by extensions ['colcon_pkg']
[1.126s] [34mcolcon.colcon_core.package_identification[0m [1;30mLevel 1[0m _identify(src) by extension 'colcon_pkg'
[1.126s] [34mcolcon.colcon_core.package_identification[0m [1;30mLevel 1[0m _identify(src) by extensions ['colcon_meta']
[1.126s] [34mcolcon.colcon_core.package_identification[0m [1;30mLevel 1[0m _identify(src) by extension 'colcon_meta'
[1.126s] [34mcolcon.colcon_core.package_identification[0m [1;30mLevel 1[0m _identify(src) by extensions ['ros']
[1.126s] [34mcolcon.colcon_core.package_identification[0m [1;30mLevel 1[0m _identify(src) by extension 'ros'
[1.126s] [34mcolcon.colcon_core.package_identification[0m [1;30mLevel 1[0m _identify(src) by extensions ['cmake', 'python']
[1.126s] [34mcolcon.colcon_core.package_identification[0m [1;30mLevel 1[0m _identify(src) by extension 'cmake'
[1.126s] [34mcolcon.colcon_core.package_identification[0m [1;30mLevel 1[0m _identify(src) by extension 'python'
[1.126s] [34mcolcon.colcon_core.package_identification[0m [1;30mLevel 1[0m _identify(src) by extensions ['python_setup_py']
[1.126s] [34mcolcon.colcon_core.package_identification[0m [1;30mLevel 1[0m _identify(src) by extension 'python_setup_py'
[1.126s] [34mcolcon.colcon_core.package_identification[0m [1;30mLevel 1[0m _identify(src\my_package) by extensions ['ignore', 'ignore_ament_install']
[1.126s] [34mcolcon.colcon_core.package_identification[0m [1;30mLevel 1[0m _identify(src\my_package) by extension 'ignore'
[1.126s] [34mcolcon.colcon_core.package_identification[0m [1;30mLevel 1[0m _identify(src\my_package) by extension 'ignore_ament_install'
[1.126s] [34mcolcon.colcon_core.package_identification[0m [1;30mLevel 1[0m _identify(src\my_package) by extensions ['colcon_pkg']
[1.126s] [34mcolcon.colcon_core.package_identification[0m [1;30mLevel 1[0m _identify(src\my_package) by extension 'colcon_pkg'
[1.127s] [34mcolcon.colcon_core.package_identification[0m [1;30mLevel 1[0m _identify(src\my_package) by extensions ['colcon_meta']
[1.127s] [34mcolcon.colcon_core.package_identification[0m [1;30mLevel 1[0m _identify(src\my_package) by extension 'colcon_meta'
[1.127s] [34mcolcon.colcon_core.package_identification[0m [1;30mLevel 1[0m _identify(src\my_package) by extensions ['ros']
[1.127s] [34mcolcon.colcon_core.package_identification[0m [1;30mLevel 1[0m _identify(src\my_package) by extension 'ros'
[1.131s] [34mcolcon.colcon_core.package_identification[0m [1;30mDEBUG[0m [32mPackage 'src\my_package' with type 'ros.ament_python' and name 'my_package'[0m
[1.131s] [34mcolcon.colcon_core.package_discovery[0m [1;30mLevel 1[0m discover_packages(recursive) using defaults
[1.132s] [34mcolcon.colcon_core.package_discovery[0m [1;30mLevel 1[0m discover_packages(ignore) discover
[1.132s] [34mcolcon.colcon_core.package_discovery[0m [1;30mLevel 1[0m discover_packages(ignore) using defaults
[1.132s] [34mcolcon.colcon_core.package_discovery[0m [1;30mLevel 1[0m discover_packages(path) discover
[1.132s] [34mcolcon.colcon_core.package_discovery[0m [1;30mLevel 1[0m discover_packages(path) using defaults
[1.202s] [34mcolcon.colcon_core.verb[0m [1;30mLevel 5[0m set package 'my_package' build argument 'cmake_args' from command line to 'None'
[1.202s] [34mcolcon.colcon_core.verb[0m [1;30mLevel 5[0m set package 'my_package' build argument 'cmake_target' from command line to 'None'
[1.202s] [34mcolcon.colcon_core.verb[0m [1;30mLevel 5[0m set package 'my_package' build argument 'cmake_target_skip_unavailable' from command line to 'False'
[1.202s] [34mcolcon.colcon_core.verb[0m [1;30mLevel 5[0m set package 'my_package' build argument 'cmake_clean_cache' from command line to 'False'
[1.202s] [34mcolcon.colcon_core.verb[0m [1;30mLevel 5[0m set package 'my_package' build argument 'cmake_clean_first' from command line to 'False'
[1.202s] [34mcolcon.colcon_core.verb[0m [1;30mLevel 5[0m set package 'my_package' build argument 'cmake_force_configure' from command line to 'False'
[1.202s] [34mcolcon.colcon_core.verb[0m [1;30mLevel 5[0m set package 'my_package' build argument 'ament_cmake_args' from command line to 'None'
[1.202s] [34mcolcon.colcon_core.verb[0m [1;30mLevel 5[0m set package 'my_package' build argument 'catkin_cmake_args' from command line to 'None'
[1.202s] [34mcolcon.colcon_core.verb[0m [1;30mLevel 5[0m set package 'my_package' build argument 'catkin_skip_building_tests' from command line to 'False'
[1.202s] [34mcolcon.colcon_core.verb[0m [1;30mDEBUG[0m [32mBuilding package 'my_package' with the following arguments: {'ament_cmake_args': None, 'build_base': 'D:\\_Seo\\MORAISIM_Training\\MORASIM_Training\\8_SSAFY\\Mini\\catkin_ws\\build\\my_package', 'catkin_cmake_args': None, 'catkin_skip_building_tests': False, 'cmake_args': None, 'cmake_clean_cache': False, 'cmake_clean_first': False, 'cmake_force_configure': False, 'cmake_target': None, 'cmake_target_skip_unavailable': False, 'install_base': 'D:\\_Seo\\MORAISIM_Training\\MORASIM_Training\\8_SSAFY\\Mini\\catkin_ws\\install\\my_package', 'merge_install': False, 'path': 'D:\\_Seo\\MORAISIM_Training\\MORASIM_Training\\8_SSAFY\\Mini\\catkin_ws\\src\\my_package', 'symlink_install': False, 'test_result_base': None}[0m
[1.313s] [34mcolcon.colcon_core.executor[0m [1;30mINFO[0m Executing jobs using 'parallel' executor
[1.335s] [34mcolcon.colcon_parallel_executor.executor.parallel[0m [1;30mDEBUG[0m [32mrun_until_complete[0m
[1.335s] [34mcolcon.colcon_ros.task.ament_python.build[0m [1;30mINFO[0m Building ROS package in 'D:\_Seo\MORAISIM_Training\MORASIM_Training\8_SSAFY\Mini\catkin_ws\src\my_package' with build type 'ament_python'
[1.335s] [34mcolcon.colcon_core.shell[0m [1;30mLevel 1[0m create_environment_hook('my_package', 'ament_prefix_path')
[1.345s] [34mcolcon.colcon_core.plugin_system[0m [1;30mINFO[0m Skipping extension 'colcon_core.shell.sh': Not used on Windows systems
[1.345s] [34mcolcon.colcon_core.shell[0m [1;30mINFO[0m Creating environment hook 'D:\_Seo\MORAISIM_Training\MORASIM_Training\8_SSAFY\Mini\catkin_ws\install\my_package\share\my_package\hook\ament_prefix_path.ps1'
[1.350s] [34mcolcon.colcon_core.shell[0m [1;30mINFO[0m Creating environment hook 'D:\_Seo\MORAISIM_Training\MORASIM_Training\8_SSAFY\Mini\catkin_ws\install\my_package\share\my_package\hook\ament_prefix_path.bat'
[1.361s] [34mcolcon.colcon_core.shell[0m [1;30mINFO[0m Creating environment descriptor 'D:\_Seo\MORAISIM_Training\MORASIM_Training\8_SSAFY\Mini\catkin_ws\install\my_package\share\my_package\hook\ament_prefix_path.dsv'
[1.373s] [34mcolcon.colcon_core.shell[0m [1;30mINFO[0m Skip shell extension 'powershell' for command environment: Not usable outside of PowerShell
[2.101s] [34mcolcon.colcon_core.task.python.build[0m [1;30mINFO[0m Building Python package in 'D:\_Seo\MORAISIM_Training\MORASIM_Training\8_SSAFY\Mini\catkin_ws\src\my_package'
[2.107s] [34mcolcon.colcon_core.shell[0m [1;30mINFO[0m Skip shell extension 'powershell' for command environment: Not usable outside of PowerShell
[3.128s] [34mcolcon.colcon_core.event_handler.log_command[0m [1;30mDEBUG[0m [32mInvoking command in 'D:\_Seo\MORAISIM_Training\MORASIM_Training\8_SSAFY\Mini\catkin_ws\src\my_package': PYTHONPATH=D:\_Seo\MORAISIM_Training\MORASIM_Training\8_SSAFY\Mini\catkin_ws\install\my_package\Lib\site-packages;%PYTHONPATH% c:\python37\python.exe setup.py egg_info --egg-base ..\..\build\my_package build --build-base D:\_Seo\MORAISIM_Training\MORASIM_Training\8_SSAFY\Mini\catkin_ws\build\my_package\build install --prefix D:\_Seo\MORAISIM_Training\MORASIM_Training\8_SSAFY\Mini\catkin_ws\install\my_package --record D:\_Seo\MORAISIM_Training\MORASIM_Training\8_SSAFY\Mini\catkin_ws\build\my_package\install.log --single-version-externally-managed[0m
[4.340s] [34mcolcon.colcon_core.event_handler.log_command[0m [1;30mDEBUG[0m [32mInvoked command in 'D:\_Seo\MORAISIM_Training\MORASIM_Training\8_SSAFY\Mini\catkin_ws\src\my_package' returned '0': PYTHONPATH=D:\_Seo\MORAISIM_Training\MORASIM_Training\8_SSAFY\Mini\catkin_ws\install\my_package\Lib\site-packages;%PYTHONPATH% c:\python37\python.exe setup.py egg_info --egg-base ..\..\build\my_package build --build-base D:\_Seo\MORAISIM_Training\MORASIM_Training\8_SSAFY\Mini\catkin_ws\build\my_package\build install --prefix D:\_Seo\MORAISIM_Training\MORASIM_Training\8_SSAFY\Mini\catkin_ws\install\my_package --record D:\_Seo\MORAISIM_Training\MORASIM_Training\8_SSAFY\Mini\catkin_ws\build\my_package\install.log --single-version-externally-managed[0m
[4.358s] [34mcolcon.colcon_core.environment[0m [1;30mLevel 1[0m checking 'D:\_Seo\MORAISIM_Training\MORASIM_Training\8_SSAFY\Mini\catkin_ws\install\my_package' for CMake module files
[4.359s] [34mcolcon.colcon_core.environment[0m [1;30mLevel 1[0m checking 'D:\_Seo\MORAISIM_Training\MORASIM_Training\8_SSAFY\Mini\catkin_ws\install\my_package' for CMake config files
[4.360s] [34mcolcon.colcon_core.environment[0m [1;30mLevel 1[0m checking 'D:\_Seo\MORAISIM_Training\MORASIM_Training\8_SSAFY\Mini\catkin_ws\install\my_package\bin'
[4.360s] [34mcolcon.colcon_core.environment[0m [1;30mLevel 1[0m checking 'D:\_Seo\MORAISIM_Training\MORASIM_Training\8_SSAFY\Mini\catkin_ws\install\my_package\bin'
[4.360s] [34mcolcon.colcon_core.environment[0m [1;30mLevel 1[0m checking 'D:\_Seo\MORAISIM_Training\MORASIM_Training\8_SSAFY\Mini\catkin_ws\install\my_package\Scripts'
[4.360s] [34mcolcon.colcon_core.environment[0m [1;30mLevel 1[0m checking 'D:\_Seo\MORAISIM_Training\MORASIM_Training\8_SSAFY\Mini\catkin_ws\install\my_package\lib\pkgconfig\my_package.pc'
[4.360s] [34mcolcon.colcon_core.environment[0m [1;30mLevel 1[0m checking 'D:\_Seo\MORAISIM_Training\MORASIM_Training\8_SSAFY\Mini\catkin_ws\install\my_package\Lib\site-packages'
[4.360s] [34mcolcon.colcon_core.shell[0m [1;30mLevel 1[0m create_environment_hook('my_package', 'pythonpath')
[4.366s] [34mcolcon.colcon_core.shell[0m [1;30mINFO[0m Creating environment hook 'D:\_Seo\MORAISIM_Training\MORASIM_Training\8_SSAFY\Mini\catkin_ws\install\my_package\share\my_package\hook\pythonpath.ps1'
[4.367s] [34mcolcon.colcon_core.shell[0m [1;30mINFO[0m Creating environment hook 'D:\_Seo\MORAISIM_Training\MORASIM_Training\8_SSAFY\Mini\catkin_ws\install\my_package\share\my_package\hook\pythonpath.bat'
[4.368s] [34mcolcon.colcon_core.shell[0m [1;30mINFO[0m Creating environment descriptor 'D:\_Seo\MORAISIM_Training\MORASIM_Training\8_SSAFY\Mini\catkin_ws\install\my_package\share\my_package\hook\pythonpath.dsv'
[4.369s] [34mcolcon.colcon_core.environment[0m [1;30mLevel 1[0m create_environment_scripts_only(my_package)
[4.376s] [34mcolcon.colcon_core.shell[0m [1;30mINFO[0m Creating package script 'D:\_Seo\MORAISIM_Training\MORASIM_Training\8_SSAFY\Mini\catkin_ws\install\my_package\share\my_package\package.ps1'
[4.382s] [34mcolcon.colcon_core.shell[0m [1;30mINFO[0m Creating package script 'D:\_Seo\MORAISIM_Training\MORASIM_Training\8_SSAFY\Mini\catkin_ws\install\my_package\share\my_package\package.bat'
[4.388s] [34mcolcon.colcon_core.shell[0m [1;30mINFO[0m Creating package descriptor 'D:\_Seo\MORAISIM_Training\MORASIM_Training\8_SSAFY\Mini\catkin_ws\install\my_package\share\my_package\package.dsv'
[4.392s] [34mcolcon.colcon_core.environment[0m [1;30mLevel 1[0m create_file_with_runtime_dependencies(D:\_Seo\MORAISIM_Training\MORASIM_Training\8_SSAFY\Mini\catkin_ws\install\my_package\share\colcon-core\packages\my_package)
[4.393s] [34mcolcon.colcon_parallel_executor.executor.parallel[0m [1;30mDEBUG[0m [32mrun_until_complete finished with '0'[0m
[4.393s] [34mcolcon.colcon_core.event_reactor[0m [1;30mDEBUG[0m [32mjoining thread[0m
[4.407s] [34mcolcon.colcon_core.plugin_system[0m [1;30mINFO[0m Skipping extension 'colcon_notification.desktop_notification.notify2': 'notify2' not found
[4.407s] [34mcolcon.colcon_core.plugin_system[0m [1;30mINFO[0m Skipping extension 'colcon_notification.desktop_notification.notify_send': Not used on non-Linux systems
[4.407s] [34mcolcon.colcon_core.plugin_system[0m [1;30mINFO[0m Skipping extension 'colcon_notification.desktop_notification.terminal_notifier': Not used on non-Darwin systems
[4.407s] [34mcolcon.colcon_notification.desktop_notification[0m [1;30mINFO[0m Sending desktop notification using 'win32'
[9.469s] [34mcolcon.colcon_core.event_reactor[0m [1;30mDEBUG[0m [32mjoined thread[0m
[9.476s] [34mcolcon.colcon_core.shell[0m [1;30mINFO[0m Creating prefix script 'D:\_Seo\MORAISIM_Training\MORASIM_Training\8_SSAFY\Mini\catkin_ws\install\local_setup.ps1'
[9.484s] [34mcolcon.colcon_core.shell[0m [1;30mINFO[0m Creating prefix util module 'D:\_Seo\MORAISIM_Training\MORASIM_Training\8_SSAFY\Mini\catkin_ws\install\_local_setup_util_ps1.py'
[9.490s] [34mcolcon.colcon_core.shell[0m [1;30mINFO[0m Creating prefix chain script 'D:\_Seo\MORAISIM_Training\MORASIM_Training\8_SSAFY\Mini\catkin_ws\install\setup.ps1'
[9.503s] [34mcolcon.colcon_core.shell[0m [1;30mINFO[0m Creating prefix script 'D:\_Seo\MORAISIM_Training\MORASIM_Training\8_SSAFY\Mini\catkin_ws\install\local_setup.bat'
[9.511s] [34mcolcon.colcon_core.shell[0m [1;30mINFO[0m Creating prefix util module 'D:\_Seo\MORAISIM_Training\MORASIM_Training\8_SSAFY\Mini\catkin_ws\install\_local_setup_util_bat.py'
[9.512s] [34mcolcon.colcon_core.shell[0m [1;30mINFO[0m Creating prefix chain script 'D:\_Seo\MORAISIM_Training\MORASIM_Training\8_SSAFY\Mini\catkin_ws\install\setup.bat'
