running egg_info
writing ..\..\build\my_package\my_package.egg-info\PKG-INFO
writing dependency_links to ..\..\build\my_package\my_package.egg-info\dependency_links.txt
writing entry points to ..\..\build\my_package\my_package.egg-info\entry_points.txt
writing requirements to ..\..\build\my_package\my_package.egg-info\requires.txt
writing top-level names to ..\..\build\my_package\my_package.egg-info\top_level.txt
reading manifest file '..\..\build\my_package\my_package.egg-info\SOURCES.txt'
running build
running build_py
running install
running install_lib
copying D:\_Seo\MORAISIM_Training\MORASIM_Training\8_SSAFY\Mini\catkin_ws\build\my_package\build\lib\my_package\my_node.py -> D:\_Seo\MORAISIM_Training\MORASIM_Training\8_SSAFY\Mini\catkin_ws\install\my_package\Lib\site-packages\my_package
copying D:\_Seo\MORAISIM_Training\MORASIM_Training\8_SSAFY\Mini\catkin_ws\build\my_package\build\lib\my_package\__init__.py -> D:\_Seo\MORAISIM_Training\MORASIM_Training\8_SSAFY\Mini\catkin_ws\install\my_package\Lib\site-packages\my_package
running install_data
running install_egg_info
running install_scripts
Installing my_node-script.py script to D:\_Seo\MORAISIM_Training\MORASIM_Training\8_SSAFY\Mini\catkin_ws\install\my_package\lib\my_package
Installing my_node.exe script to D:\_Seo\MORAISIM_Training\MORASIM_Training\8_SSAFY\Mini\catkin_ws\install\my_package\lib\my_package
c:\python37\lib\site-packages\setuptools\dist.py:741: UserWarning: Usage of dash-separated 'script-dir' will not be supported in future versions. Please use the underscore name 'script_dir' instead
  % (opt, underscore_opt)
c:\python37\lib\site-packages\setuptools\dist.py:741: UserWarning: Usage of dash-separated 'install-scripts' will not be supported in future versions. Please use the underscore name 'install_scripts' instead
  % (opt, underscore_opt)
c:\python37\lib\site-packages\setuptools\command\install.py:37: SetuptoolsDeprecationWarning: setup.py install is deprecated. Use build and pip and other standards-based tools.
  setuptools.SetuptoolsDeprecationWarning,
